<?xml version="1.0" encoding="UTF-8"?>
<!-- Generated by org.testng.reporters.JUnitXMLReporter -->
<testsuite ignored="0" hostname="LAPTOP-VI30PN44" failures="0" tests="2" name="MonefyApp-Income" time="54.016" errors="0" timestamp="27 May 2021 13:02:53 GMT">
  <testcase classname="MyAppiumTest.Monefy.DashBoardAddIncomeTest" name="IncomeCategoryDeposit" time="8.775"/>
  <testcase classname="MyAppiumTest.Monefy.DashBoardAddIncomeTest" name="IncomeCategorySalary" time="6.983"/>
</testsuite> <!-- MonefyApp-Income -->
