<?xml version="1.0" encoding="UTF-8"?>
<!-- Generated by org.testng.reporters.JUnitXMLReporter -->
<testsuite ignored="0" hostname="LAPTOP-VI30PN44" failures="0" tests="3" name="MonefyApp-ExpenseCategories" time="36.11" errors="0" timestamp="27 May 2021 13:01:58 GMT">
  <testcase classname="MyAppiumTest.Monefy.ExpenseCategoriesTest" name="AddCarItem" time="5.932"/>
  <testcase classname="MyAppiumTest.Monefy.ExpenseCategoriesTest" name="AddClothsItem" time="6.154"/>
  <testcase classname="MyAppiumTest.Monefy.ExpenseCategoriesTest" name="AddEntertainmentItem" time="6.028"/>
</testsuite> <!-- MonefyApp-ExpenseCategories -->
