<?xml version="1.0" encoding="UTF-8"?>
<!-- Generated by org.testng.reporters.JUnitXMLReporter -->
<testsuite ignored="0" hostname="LAPTOP-VI30PN44" failures="0" tests="3" name="Default test" time="32.984" errors="0" timestamp="27 May 2021 12:33:39 GMT">
  <testcase classname="MyAppiumTest.Monefy.ExpenseCategoriesTest" name="AddCarItem" time="5.317"/>
  <testcase classname="MyAppiumTest.Monefy.ExpenseCategoriesTest" name="AddClothsItem" time="5.966"/>
  <testcase classname="MyAppiumTest.Monefy.ExpenseCategoriesTest" name="AddEntertainmentItem" time="6.437"/>
</testsuite> <!-- Default test -->
